{"session_id": "9ae6262b-968b-4452-b75b-d3859e0f5b37", "error": "unhashable type: 'dict'", "event": "engine_error", "level": "error", "timestamp": "2026-05-19T22:15:19.455682Z"}
{"session_id": "862b0fb3-bc91-4b15-bb8c-3026e68231f9", "error": "unhashable type: 'dict'", "event": "engine_error", "level": "error", "timestamp": "2026-05-19T22:15:19.649427Z"}
{"session_id": "c8b1095a-b4e4-4bc8-acf1-c6446f17ff56", "error": "unhashable type: 'dict'", "event": "engine_error", "level": "error", "timestamp": "2026-05-19T22:15:19.810038Z"}
{"session_id": "60c3f46e-4d84-41bb-ab54-1f285f79e327", "error": "unhashable type: 'dict'", "event": "engine_error", "level": "error", "timestamp": "2026-05-19T22:15:19.989956Z"}
{"session_id": "c17bc5b9-c33e-4f32-985f-75e414ea3693", "error": "unhashable type: 'dict'", "event": "engine_error", "level": "error", "timestamp": "2026-05-19T22:15:20.154910Z"}
{"session_id": "7326b682-8049-47a9-9164-80a2451e088c", "error": "unhashable type: 'dict'", "event": "engine_error", "level": "error", "timestamp": "2026-05-19T22:15:20.385541Z"}
{"session_id": "de5939d8-d9ba-41e2-b0f4-6342a40bf768", "error": "unhashable type: 'dict'", "event": "engine_error", "level": "error", "timestamp": "2026-05-19T22:15:20.632709Z"}
{"session_id": "d5ded3bd-ec60-4025-9f57-5371f581f446", "error": "unhashable type: 'dict'", "event": "engine_error", "level": "error", "timestamp": "2026-05-19T22:15:20.825577Z"}
{"session_id": "b07af1dc-09ba-4e20-89d8-6e12e45b664f", "error": "unhashable type: 'dict'", "event": "engine_error", "level": "error", "timestamp": "2026-05-19T22:15:21.001483Z"}
{"session_id": "b9dbf3c8-ba4f-461e-9b6a-623b0173ff8a", "message": "\u041d\u0435 \u0432\u044b\u044f\u0432\u043b\u0435\u043d\u043e \u043f\u043e\u0434\u043e\u0437\u0440\u0435\u043d\u0438\u0439 \u043d\u0430 \u043d\u043e\u0434\u0443\u043b\u044f\u0440\u043d\u0443\u044e \u0438\u043b\u0438 \u0441\u043c\u0435\u0448\u0430\u043d\u043d\u043e-\u043a\u043b\u0435\u0442\u043e\u0447\u043d\u0443\u044e \u0444\u043e\u0440\u043c\u0443 \u043f\u043e \u0436\u0430\u043b\u043e\u0431\u0430\u043c.", "event": "transition_warning_shown", "level": "warning", "timestamp": "2026-05-19T22:16:24.938379Z"}
{"session_id": "b9dbf3c8-ba4f-461e-9b6a-623b0173ff8a", "message": "\u041d\u0435 \u0432\u044b\u044f\u0432\u043b\u0435\u043d\u043e \u043f\u043e\u0434\u043e\u0437\u0440\u0435\u043d\u0438\u0439 \u043d\u0430 \u043d\u043e\u0434\u0443\u043b\u044f\u0440\u043d\u0443\u044e \u0438\u043b\u0438 \u0441\u043c\u0435\u0448\u0430\u043d\u043d\u043e-\u043a\u043b\u0435\u0442\u043e\u0447\u043d\u0443\u044e \u0444\u043e\u0440\u043c\u0443 \u043f\u043e \u043e\u0441\u043c\u043e\u0442\u0440\u0443.", "event": "transition_warning_shown", "level": "warning", "timestamp": "2026-05-19T22:16:24.939774Z"}
{"session_id": "b9dbf3c8-ba4f-461e-9b6a-623b0173ff8a", "message": "\u041d\u0435 \u0432\u044b\u044f\u0432\u043b\u0435\u043d\u043e \u043f\u043e\u0434\u043e\u0437\u0440\u0435\u043d\u0438\u0439 \u043d\u0430 \u043d\u043e\u0434\u0443\u043b\u044f\u0440\u043d\u0443\u044e \u0438\u043b\u0438 \u0441\u043c\u0435\u0448\u0430\u043d\u043d\u043e-\u043a\u043b\u0435\u0442\u043e\u0447\u043d\u0443\u044e \u0444\u043e\u0440\u043c\u0443 \u043f\u043e \u043b\u0430\u0431\u043e\u0440\u0430\u0442\u043e\u0440\u043d\u044b\u043c \u0434\u0430\u043d\u043d\u044b\u043c.", "event": "transition_warning_shown", "level": "warning", "timestamp": "2026-05-19T22:16:24.941226Z"}
{"session_id": "5e853bbb-bc22-4eff-9264-8d5cb00f6698", "message": "\u041d\u0435 \u0432\u044b\u044f\u0432\u043b\u0435\u043d\u043e \u043f\u043e\u0434\u043e\u0437\u0440\u0435\u043d\u0438\u0439 \u043d\u0430 \u043d\u043e\u0434\u0443\u043b\u044f\u0440\u043d\u0443\u044e \u0438\u043b\u0438 \u0441\u043c\u0435\u0448\u0430\u043d\u043d\u043e-\u043a\u043b\u0435\u0442\u043e\u0447\u043d\u0443\u044e \u0444\u043e\u0440\u043c\u0443 \u043f\u043e \u0436\u0430\u043b\u043e\u0431\u0430\u043c.", "event": "transition_warning_shown", "level": "warning", "timestamp": "2026-05-19T22:16:24.972842Z"}
{"session_id": "5e853bbb-bc22-4eff-9264-8d5cb00f6698", "message": "\u041d\u0435 \u0432\u044b\u044f\u0432\u043b\u0435\u043d\u043e \u043f\u043e\u0434\u043e\u0437\u0440\u0435\u043d\u0438\u0439 \u043d\u0430 \u043d\u043e\u0434\u0443\u043b\u044f\u0440\u043d\u0443\u044e \u0438\u043b\u0438 \u0441\u043c\u0435\u0448\u0430\u043d\u043d\u043e-\u043a\u043b\u0435\u0442\u043e\u0447\u043d\u0443\u044e \u0444\u043e\u0440\u043c\u0443 \u043f\u043e \u0436\u0430\u043b\u043e\u0431\u0430\u043c.", "event": "transition_warning_shown", "level": "warning", "timestamp": "2026-05-19T22:16:24.973931Z"}
{"session_id": "9da230e5-e437-4983-8225-2d707d92dcff", "event": "session_started", "level": "info", "timestamp": "2026-05-19T22:16:58.896717Z"}
{"session_id": "241766e6-00cf-4180-8a3d-df3bf7a77b53", "event": "session_started", "level": "info", "timestamp": "2026-05-19T22:17:01.568151Z"}
{"session_id": "241766e6-00cf-4180-8a3d-df3bf7a77b53", "transition_id": "t_complaints_to_exam", "fired": true, "scores": {"score_nodular": 2.0, "score_mixed": 0.0}, "duration_ms": 0.05, "event": "transition_evaluated", "level": "info", "timestamp": "2026-05-19T22:17:01.661750Z"}
{"session_id": "241766e6-00cf-4180-8a3d-df3bf7a77b53", "transition_id": "t_examination_to_lab", "fired": true, "scores": {"score_nodular": 3.0, "score_mixed": 0.0}, "duration_ms": 0.03, "event": "transition_evaluated", "level": "info", "timestamp": "2026-05-19T22:17:01.672945Z"}
{"session_id": "241766e6-00cf-4180-8a3d-df3bf7a77b53", "transition_id": "t_laboratory_to_instrumental", "fired": false, "scores": {"score_nodular": 3.0, "score_mixed": 0.0}, "duration_ms": 0.15, "event": "transition_evaluated", "level": "info", "timestamp": "2026-05-19T22:17:01.684803Z"}
{"session_id": "241766e6-00cf-4180-8a3d-df3bf7a77b53", "message": "\u041d\u0435 \u0432\u044b\u044f\u0432\u043b\u0435\u043d\u043e \u043f\u043e\u0434\u043e\u0437\u0440\u0435\u043d\u0438\u0439 \u043d\u0430 \u043d\u043e\u0434\u0443\u043b\u044f\u0440\u043d\u0443\u044e \u0438\u043b\u0438 \u0441\u043c\u0435\u0448\u0430\u043d\u043d\u043e-\u043a\u043b\u0435\u0442\u043e\u0447\u043d\u0443\u044e \u0444\u043e\u0440\u043c\u0443 \u043f\u043e \u043b\u0430\u0431\u043e\u0440\u0430\u0442\u043e\u0440\u043d\u044b\u043c \u0434\u0430\u043d\u043d\u044b\u043c.", "event": "transition_warning_shown", "level": "warning", "timestamp": "2026-05-19T22:17:01.684928Z"}
{"session_id": "241766e6-00cf-4180-8a3d-df3bf7a77b53", "transition_id": "t_instrumental_to_final", "fired": true, "scores": {"score_nodular": 5.0, "score_mixed": 0.0}, "duration_ms": 0.06, "event": "transition_evaluated", "level": "info", "timestamp": "2026-05-19T22:17:01.697382Z"}
{"session_id": "241766e6-00cf-4180-8a3d-df3bf7a77b53", "score_nodular": 5.0, "score_mixed": 0.0, "winner": "nodular", "event": "diagnosis_completed", "level": "info", "timestamp": "2026-05-19T22:17:01.697507Z"}
{"session_id": "6b154606-934d-4d21-a626-1cfd137e15e9", "event": "session_started", "level": "info", "timestamp": "2026-05-19T22:17:01.722127Z"}
{"session_id": "29b9fad7-4995-4b01-8958-9571eac9fbe3", "message": "\u041d\u0435 \u0432\u044b\u044f\u0432\u043b\u0435\u043d\u043e \u043f\u043e\u0434\u043e\u0437\u0440\u0435\u043d\u0438\u0439 \u043d\u0430 \u043d\u043e\u0434\u0443\u043b\u044f\u0440\u043d\u0443\u044e \u0438\u043b\u0438 \u0441\u043c\u0435\u0448\u0430\u043d\u043d\u043e-\u043a\u043b\u0435\u0442\u043e\u0447\u043d\u0443\u044e \u0444\u043e\u0440\u043c\u0443 \u043f\u043e \u0436\u0430\u043b\u043e\u0431\u0430\u043c.", "event": "transition_warning_shown", "level": "warning", "timestamp": "2026-05-19T22:17:14.604117Z"}
{"session_id": "29b9fad7-4995-4b01-8958-9571eac9fbe3", "message": "\u041d\u0435 \u0432\u044b\u044f\u0432\u043b\u0435\u043d\u043e \u043f\u043e\u0434\u043e\u0437\u0440\u0435\u043d\u0438\u0439 \u043d\u0430 \u043d\u043e\u0434\u0443\u043b\u044f\u0440\u043d\u0443\u044e \u0438\u043b\u0438 \u0441\u043c\u0435\u0448\u0430\u043d\u043d\u043e-\u043a\u043b\u0435\u0442\u043e\u0447\u043d\u0443\u044e \u0444\u043e\u0440\u043c\u0443 \u043f\u043e \u043e\u0441\u043c\u043e\u0442\u0440\u0443.", "event": "transition_warning_shown", "level": "warning", "timestamp": "2026-05-19T22:17:14.605597Z"}
{"session_id": "29b9fad7-4995-4b01-8958-9571eac9fbe3", "message": "\u041d\u0435 \u0432\u044b\u044f\u0432\u043b\u0435\u043d\u043e \u043f\u043e\u0434\u043e\u0437\u0440\u0435\u043d\u0438\u0439 \u043d\u0430 \u043d\u043e\u0434\u0443\u043b\u044f\u0440\u043d\u0443\u044e \u0438\u043b\u0438 \u0441\u043c\u0435\u0448\u0430\u043d\u043d\u043e-\u043a\u043b\u0435\u0442\u043e\u0447\u043d\u0443\u044e \u0444\u043e\u0440\u043c\u0443 \u043f\u043e \u043b\u0430\u0431\u043e\u0440\u0430\u0442\u043e\u0440\u043d\u044b\u043c \u0434\u0430\u043d\u043d\u044b\u043c.", "event": "transition_warning_shown", "level": "warning", "timestamp": "2026-05-19T22:17:14.607052Z"}
{"session_id": "bd43fae9-aa87-43bf-b9e4-fa67b6f7ec97", "message": "\u041d\u0435 \u0432\u044b\u044f\u0432\u043b\u0435\u043d\u043e \u043f\u043e\u0434\u043e\u0437\u0440\u0435\u043d\u0438\u0439 \u043d\u0430 \u043d\u043e\u0434\u0443\u043b\u044f\u0440\u043d\u0443\u044e \u0438\u043b\u0438 \u0441\u043c\u0435\u0448\u0430\u043d\u043d\u043e-\u043a\u043b\u0435\u0442\u043e\u0447\u043d\u0443\u044e \u0444\u043e\u0440\u043c\u0443 \u043f\u043e \u0436\u0430\u043b\u043e\u0431\u0430\u043c.", "event": "transition_warning_shown", "level": "warning", "timestamp": "2026-05-19T22:17:14.646204Z"}
{"session_id": "bd43fae9-aa87-43bf-b9e4-fa67b6f7ec97", "message": "\u041d\u0435 \u0432\u044b\u044f\u0432\u043b\u0435\u043d\u043e \u043f\u043e\u0434\u043e\u0437\u0440\u0435\u043d\u0438\u0439 \u043d\u0430 \u043d\u043e\u0434\u0443\u043b\u044f\u0440\u043d\u0443\u044e \u0438\u043b\u0438 \u0441\u043c\u0435\u0448\u0430\u043d\u043d\u043e-\u043a\u043b\u0435\u0442\u043e\u0447\u043d\u0443\u044e \u0444\u043e\u0440\u043c\u0443 \u043f\u043e \u0436\u0430\u043b\u043e\u0431\u0430\u043c.", "event": "transition_warning_shown", "level": "warning", "timestamp": "2026-05-19T22:17:14.647082Z"}
{"session_id": "71556efe-85ff-4efe-b791-b166242d6771", "message": "\u041d\u0435 \u0432\u044b\u044f\u0432\u043b\u0435\u043d\u043e \u043f\u043e\u0434\u043e\u0437\u0440\u0435\u043d\u0438\u0439 \u043d\u0430 \u043d\u043e\u0434\u0443\u043b\u044f\u0440\u043d\u0443\u044e \u0438\u043b\u0438 \u0441\u043c\u0435\u0448\u0430\u043d\u043d\u043e-\u043a\u043b\u0435\u0442\u043e\u0447\u043d\u0443\u044e \u0444\u043e\u0440\u043c\u0443 \u043f\u043e \u0436\u0430\u043b\u043e\u0431\u0430\u043c.", "event": "transition_warning_shown", "level": "warning", "timestamp": "2026-05-19T22:17:29.543050Z"}
{"session_id": "71556efe-85ff-4efe-b791-b166242d6771", "message": "\u041d\u0435 \u0432\u044b\u044f\u0432\u043b\u0435\u043d\u043e \u043f\u043e\u0434\u043e\u0437\u0440\u0435\u043d\u0438\u0439 \u043d\u0430 \u043d\u043e\u0434\u0443\u043b\u044f\u0440\u043d\u0443\u044e \u0438\u043b\u0438 \u0441\u043c\u0435\u0448\u0430\u043d\u043d\u043e-\u043a\u043b\u0435\u0442\u043e\u0447\u043d\u0443\u044e \u0444\u043e\u0440\u043c\u0443 \u043f\u043e \u043e\u0441\u043c\u043e\u0442\u0440\u0443.", "event": "transition_warning_shown", "level": "warning", "timestamp": "2026-05-19T22:17:29.544352Z"}
{"session_id": "71556efe-85ff-4efe-b791-b166242d6771", "message": "\u041d\u0435 \u0432\u044b\u044f\u0432\u043b\u0435\u043d\u043e \u043f\u043e\u0434\u043e\u0437\u0440\u0435\u043d\u0438\u0439 \u043d\u0430 \u043d\u043e\u0434\u0443\u043b\u044f\u0440\u043d\u0443\u044e \u0438\u043b\u0438 \u0441\u043c\u0435\u0448\u0430\u043d\u043d\u043e-\u043a\u043b\u0435\u0442\u043e\u0447\u043d\u0443\u044e \u0444\u043e\u0440\u043c\u0443 \u043f\u043e \u043b\u0430\u0431\u043e\u0440\u0430\u0442\u043e\u0440\u043d\u044b\u043c \u0434\u0430\u043d\u043d\u044b\u043c.", "event": "transition_warning_shown", "level": "warning", "timestamp": "2026-05-19T22:17:29.545400Z"}
{"session_id": "645bfbaf-5907-4e0c-8591-4b56a51cc0e3", "message": "\u041d\u0435 \u0432\u044b\u044f\u0432\u043b\u0435\u043d\u043e \u043f\u043e\u0434\u043e\u0437\u0440\u0435\u043d\u0438\u0439 \u043d\u0430 \u043d\u043e\u0434\u0443\u043b\u044f\u0440\u043d\u0443\u044e \u0438\u043b\u0438 \u0441\u043c\u0435\u0448\u0430\u043d\u043d\u043e-\u043a\u043b\u0435\u0442\u043e\u0447\u043d\u0443\u044e \u0444\u043e\u0440\u043c\u0443 \u043f\u043e \u0436\u0430\u043b\u043e\u0431\u0430\u043c.", "event": "transition_warning_shown", "level": "warning", "timestamp": "2026-05-19T22:17:29.573620Z"}
{"session_id": "645bfbaf-5907-4e0c-8591-4b56a51cc0e3", "message": "\u041d\u0435 \u0432\u044b\u044f\u0432\u043b\u0435\u043d\u043e \u043f\u043e\u0434\u043e\u0437\u0440\u0435\u043d\u0438\u0439 \u043d\u0430 \u043d\u043e\u0434\u0443\u043b\u044f\u0440\u043d\u0443\u044e \u0438\u043b\u0438 \u0441\u043c\u0435\u0448\u0430\u043d\u043d\u043e-\u043a\u043b\u0435\u0442\u043e\u0447\u043d\u0443\u044e \u0444\u043e\u0440\u043c\u0443 \u043f\u043e \u0436\u0430\u043b\u043e\u0431\u0430\u043c.", "event": "transition_warning_shown", "level": "warning", "timestamp": "2026-05-19T22:17:29.574546Z"}
1 change detected
1 change detected
1 change detected
27 changes detected
6 changes detected
36 changes detected
1 change detected
1 change detected
{"session_id": "f4fb4bf1-131c-41bc-ac64-d9962c511ef3", "transition_id": "t_complaints_to_exam", "fired": true, "scores": {"score_nodular": 3.0, "score_mixed": 0.0}, "duration_ms": 0.05, "event": "transition_evaluated", "level": "info", "timestamp": "2026-05-19T22:31:14.140515Z"}
1 change detected
{"session_id": "f4fb4bf1-131c-41bc-ac64-d9962c511ef3", "transition_id": "t_examination_to_lab", "fired": true, "scores": {"score_nodular": 6.0, "score_mixed": 0.0}, "duration_ms": 0.17, "event": "transition_evaluated", "level": "info", "timestamp": "2026-05-19T22:31:18.162948Z"}
{"session_id": "f4fb4bf1-131c-41bc-ac64-d9962c511ef3", "transition_id": "t_laboratory_to_instrumental", "fired": true, "scores": {"score_nodular": 10.0, "score_mixed": 1.0}, "duration_ms": 0.18, "event": "transition_evaluated", "level": "info", "timestamp": "2026-05-19T22:31:28.576286Z"}
{"session_id": "f4fb4bf1-131c-41bc-ac64-d9962c511ef3", "transition_id": "t_instrumental_to_final", "fired": true, "scores": {"score_nodular": 13.0, "score_mixed": 1.0}, "duration_ms": 3.21, "event": "transition_evaluated", "level": "info", "timestamp": "2026-05-19T22:31:46.555044Z"}
{"session_id": "f4fb4bf1-131c-41bc-ac64-d9962c511ef3", "score_nodular": 13.0, "score_mixed": 1.0, "winner": "nodular", "event": "diagnosis_completed", "level": "info", "timestamp": "2026-05-19T22:31:46.559086Z"}
{"session_id": "3ee324f4-8559-4463-8dba-a109e589b6fa", "event": "session_started", "level": "info", "timestamp": "2026-05-19T22:33:42.710647Z"}
{"session_id": "e28fed42-157c-483c-9e59-3551e6df3fc5", "event": "session_started", "level": "info", "timestamp": "2026-05-19T22:33:53.194385Z"}
{"session_id": "e28fed42-157c-483c-9e59-3551e6df3fc5", "event": "session_started", "level": "info", "timestamp": "2026-05-19T22:33:53.330112Z"}
{"session_id": "b324d66f-9999-4d72-90d0-5a43e75f8173", "event": "session_started", "level": "info", "timestamp": "2026-05-20T19:29:10.742151Z"}
{"session_id": "7c109a80-2359-4809-8320-1fe65712d5c4", "event": "session_started", "level": "info", "timestamp": "2026-05-20T20:27:46.364690Z"}
{"session_id": "7c109a80-2359-4809-8320-1fe65712d5c4", "event": "session_started", "level": "info", "timestamp": "2026-05-20T20:27:49.442600Z"}
{"session_id": "7c109a80-2359-4809-8320-1fe65712d5c4", "event": "session_started", "level": "info", "timestamp": "2026-05-20T20:27:58.506897Z"}
{"session_id": "1de4b923-57a0-42e3-b922-9b081cc3a3f0", "event": "session_started", "level": "info", "timestamp": "2026-05-21T05:03:42.177894Z"}
